2021-05-02 02:50:41,945          root     INFO: Starting script
2021-05-02 02:50:42,946          root     INFO: Parsing Folha de S.Paulo - Opinião - Principal
2021-05-02 02:50:43,738          root     INFO: Parsing Folha de S.Paulo - Poder - Principal
2021-05-02 02:50:44,548          root     INFO: Parsing Folha de S.Paulo - Ambiente - Principal
2021-05-02 02:50:44,803          root     INFO: Parsing R7 - Brasil
2021-05-02 02:50:44,970          root     INFO: New article tracked: https://redir.folha.com.br/redir/online/opiniao/rss091/*https://www1.folha.uol.com.br/colunas/samuelpessoa/2021/05/conversa-com-um-leitor.shtml
2021-05-02 02:50:44,990          root     INFO: New article tracked: https://redir.folha.com.br/redir/online/opiniao/rss091/*https://www1.folha.uol.com.br/colunas/viniciustorres/2021/05/paulo-guedes-nao-sabe-o-que-diz-sobre-saude-pobres-e-nao-sabe-o-que-faz.shtml
2021-05-02 02:50:45,008          root     INFO: New article tracked: https://redir.folha.com.br/redir/online/opiniao/rss091/*https://www1.folha.uol.com.br/colunas/marcos-lisboa/2021/05/economia-colhe-ha-anos-projetos-fracassados-em-meio-ao-desperdicio.shtml
2021-05-02 02:50:45,027          root     INFO: New article tracked: https://redir.folha.com.br/redir/online/opiniao/rss091/*https://www1.folha.uol.com.br/colunas/janiodefreitas/2021/05/piora-nos-indices-sociais-vai-se-acelerar-em-numero-e-desumanidade.shtml
2021-05-02 02:50:45,044          root     INFO: New article tracked: https://redir.folha.com.br/redir/online/opiniao/rss091/*https://www1.folha.uol.com.br/colunas/helioschwartsman/2021/05/o-dia-que-o-algoritmo-errou.shtml
2021-05-02 02:50:45,065          root     INFO: New article tracked: https://redir.folha.com.br/redir/online/opiniao/rss091/*https://www1.folha.uol.com.br/colunas/ruycastro/2021/05/musicais-e-o-prazer-sem-fim.shtml
2021-05-02 02:50:45,084          root     INFO: New article tracked: https://redir.folha.com.br/redir/online/opiniao/rss091/*https://www1.folha.uol.com.br/opiniao/2021/05/catastrofe-indiana.shtml
2021-05-02 02:50:45,099          root     INFO: New article tracked: https://redir.folha.com.br/redir/online/opiniao/rss091/*https://www1.folha.uol.com.br/opiniao/2021/05/o-ex-superministro.shtml
2021-05-02 02:50:45,114          root     INFO: New article tracked: https://redir.folha.com.br/redir/online/opiniao/rss091/*https://www1.folha.uol.com.br/opiniao/2021/05/tecnologia-a-favor-do-racismo.shtml
2021-05-02 02:50:45,132          root     INFO: New article tracked: https://redir.folha.com.br/redir/online/opiniao/rss091/*https://www1.folha.uol.com.br/colunas/casos-do-acaso/2021/05/um-email-com-o-nome-do-meu-irmao-morto-salvou-minha-vida.shtml
2021-05-02 02:50:45,152          root     INFO: New article tracked: https://redir.folha.com.br/redir/online/opiniao/rss091/*https://www1.folha.uol.com.br/opiniao/2021/05/holanda-pandemia-e-ratos.shtml
2021-05-02 02:50:45,168          root     INFO: New article tracked: https://redir.folha.com.br/redir/online/opiniao/rss091/*https://www1.folha.uol.com.br/opiniao/2021/05/estamos-indiferentes-as-mortes-por-covid.shtml
2021-05-02 02:50:45,192          root     INFO: New article tracked: https://redir.folha.com.br/redir/online/opiniao/rss091/*https://www1.folha.uol.com.br/colunas/eliogaspari/2020/08/aviso.shtml
2021-05-02 02:50:47,430          root     INFO: New article tracked: https://redir.folha.com.br/redir/online/poder/rss091/*https://www1.folha.uol.com.br/colunas/painel/2021/05/barroso-articula-com-colegas-lista-triplice-so-de-mulheres-para-concorrer-a-vaga-no-tse.shtml
2021-05-02 02:50:47,447          root     INFO: New article tracked: https://redir.folha.com.br/redir/online/poder/rss091/*https://www1.folha.uol.com.br/colunas/painel/2021/05/presidente-da-comissao-de-relacoes-exteriores-da-camara-chama-diretor-da-anvisa-para-falar-sobre-recusa-a-sputinik.shtml
2021-05-02 02:50:47,462          root     INFO: New article tracked: https://redir.folha.com.br/redir/online/poder/rss091/*https://www1.folha.uol.com.br/colunas/painel/2021/05/mesmo-no-alvo-de-bolsonaristas-citacoes-negativas-a-renan-calheiros-se-equiparam-a-positivas-e-neutras.shtml
2021-05-02 02:50:47,480          root     INFO: New article tracked: https://redir.folha.com.br/redir/online/poder/rss091/*https://www1.folha.uol.com.br/colunas/painel/2021/05/sob-forte-escolta-visita-de-mourao-a-band-provocou-mal-estar-e-foi-tema-de-reuniao.shtml
2021-05-02 02:50:47,500          root     INFO: New article tracked: https://redir.folha.com.br/redir/online/poder/rss091/*https://www1.folha.uol.com.br/colunas/painel/2021/05/pf-guarda-r-1-bilhao-em-criptomoedas-apreendidas-em-investigacoes-ao-longo-de-2020.shtml
2021-05-02 02:50:47,520          root     INFO: New article tracked: https://redir.folha.com.br/redir/online/poder/rss091/*https://www1.folha.uol.com.br/poder/2021/05/bolsonaro-acentua-crise-de-identidade-dos-militares-como-atores-politicos.shtml
2021-05-02 02:50:47,543          root     INFO: New article tracked: https://redir.folha.com.br/redir/online/poder/rss091/*https://www1.folha.uol.com.br/colunas/janiodefreitas/2021/05/piora-nos-indices-sociais-vai-se-acelerar-em-numero-e-desumanidade.shtml
2021-05-02 02:50:47,563          root     INFO: New article tracked: https://redir.folha.com.br/redir/online/poder/rss091/*https://www1.folha.uol.com.br/poder/2021/05/entenda-a-composicao-das-forcas-armadas-e-compare-gastos-militares-do-brasil-com-outros-paises.shtml
2021-05-02 02:50:47,588          root     INFO: New article tracked: https://redir.folha.com.br/redir/online/poder/rss091/*https://www1.folha.uol.com.br/poder/2021/05/impeachment-de-witzel-tira-de-limbo-juridico-delacoes-contra-claudio-castro.shtml
2021-05-02 02:50:47,608          root     INFO: New article tracked: https://redir.folha.com.br/redir/online/poder/rss091/*https://www1.folha.uol.com.br/poder/2021/05/em-lives-deltan-volta-a-cena-com-criticas-a-decisoes-do-stf-e-defesa-da-lava-jato.shtml
2021-05-02 02:50:47,622          root     INFO: New article tracked: https://redir.folha.com.br/redir/online/poder/rss091/*https://www1.folha.uol.com.br/poder/2021/05/governo-tenta-evitar-que-cpi-da-covid-se-torne-palanque-para-mandetta-contra-bolsonaro.shtml
2021-05-02 02:50:47,636          root     INFO: New article tracked: https://redir.folha.com.br/redir/online/poder/rss091/*https://www1.folha.uol.com.br/poder/2021/05/em-ensaio-para-2022-pt-e-lula-reconstroem-pontes-com-o-psb-nos-estados.shtml
2021-05-02 02:50:47,651          root     INFO: New article tracked: https://redir.folha.com.br/redir/online/poder/rss091/*https://www1.folha.uol.com.br/colunas/eliogaspari/2020/08/aviso.shtml
2021-05-02 02:50:52,943          root     INFO: Removed https://redir.folha.com.br/redir/online/poder/rss091/*https://www1.folha.uol.com.br/colunas/eliogaspari/2021/04/o-caos-de-bolsonaro.shtml
2021-05-02 02:50:52,952          root     INFO: Removed https://redir.folha.com.br/redir/online/opiniao/rss091/*https://www1.folha.uol.com.br/opiniao/2021/04/pandemia-da-inseguranca-alimentar.shtml
2021-05-02 02:50:52,968          root     INFO: Removed https://redir.folha.com.br/redir/online/poder/rss091/*https://www1.folha.uol.com.br/poder/2021/04/coluna-de-conrado-hubner-mendes-passa-a-ser-publicada-as-quintas-feiras-na-versao-impressa-da-folha.shtml
2021-05-02 02:50:52,977          root     INFO: Removed https://redir.folha.com.br/redir/online/poder/rss091/*https://www1.folha.uol.com.br/poder/2021/04/psdb-discute-formato-das-previas-para-2022-diante-de-divergencias-entre-doria-leite-tasso-e-virgilio.shtml
2021-05-02 02:50:52,988          root     INFO: Removed https://redir.folha.com.br/redir/online/opiniao/rss091/*https://www1.folha.uol.com.br/opiniao/2021/04/o-preco-do-imediatismo.shtml
2021-05-02 02:50:52,995          root     INFO: Removed https://redir.folha.com.br/redir/online/poder/rss091/*https://www1.folha.uol.com.br/poder/2021/04/em-audio-vazado-general-ramos-diz-que-tomou-vacina-escondido-ve-risco-de-vida-de-bolsonaro-e-tenta-convence-lo-a-se-imunizar.shtml
2021-05-02 02:50:53,003          root     INFO: Removed https://redir.folha.com.br/redir/online/opiniao/rss091/*https://www1.folha.uol.com.br/colunas/marcelocoelho/2021/04/stravinski-50-anos-depois-de-sua-morte-ainda-nao-se-livrou-dos-criticos.shtml
2021-05-02 02:50:53,011          root     INFO: Removed https://redir.folha.com.br/redir/online/poder/rss091/*https://www1.folha.uol.com.br/colunas/monicabergamo/2021/04/bolsonaro-viaja-a-sp-para-bater-martelo-no-leilao-da-cedae.shtml
2021-05-02 02:50:53,020          root     INFO: Removed https://redir.folha.com.br/redir/online/poder/rss091/*https://www1.folha.uol.com.br/colunas/monicabergamo/2021/04/lula-diz-que-tem-relacao-com-ciro-e-pede-que-pt-deixe-ele-falando-sozinho.shtml
2021-05-02 02:50:53,026          root     INFO: Removed https://redir.folha.com.br/redir/online/opiniao/rss091/*https://www1.folha.uol.com.br/colunas/helioschwartsman/2021/04/a-cpi-da-covid-sera-um-sucesso.shtml
2021-05-02 02:50:53,036          root     INFO: Removed https://redir.folha.com.br/redir/online/opiniao/rss091/*https://www1.folha.uol.com.br/colunas/nelsondesa/2021/04/enquanto-zhao-ganhava-oscar-yao-pan-ma-era-espancado-em-ny.shtml
2021-05-02 02:50:53,043          root     INFO: Removed https://redir.folha.com.br/redir/online/opiniao/rss091/*https://www1.folha.uol.com.br/colunas/tostao/2021/04/guardiola-e-neymar-querem-muito-se-consagrar-na-europa-fora-do-barcelona.shtml
2021-05-02 02:50:53,049          root     INFO: Removed https://redir.folha.com.br/redir/online/poder/rss091/*https://www1.folha.uol.com.br/colunas/monicabergamo/2021/04/barroso-cobra-de-estados-informacoes-sobre-ordens-de-despejo-em-meio-a-epidemia.shtml
2021-05-02 02:50:53,057          root     INFO: Removed https://redir.folha.com.br/redir/online/opiniao/rss091/*https://www1.folha.uol.com.br/colunas/esper-kallas/2021/04/duas-pandemias-muitas-licoes.shtml
2021-05-02 02:50:53,063          root     INFO: Removed https://redir.folha.com.br/redir/online/opiniao/rss091/*https://www1.folha.uol.com.br/opiniao/2021/04/e-preciso-honestidade-na-discussao-sobre-patentes.shtml
2021-05-02 02:50:53,068          root     INFO: Removed https://redir.folha.com.br/redir/online/opiniao/rss091/*https://www1.folha.uol.com.br/opiniao/2021/04/stf-e-mais-criticado-por-acertos-do-que-por-erros.shtml
2021-05-02 02:50:53,074          root     INFO: Removed https://redir.folha.com.br/redir/online/opiniao/rss091/*https://www1.folha.uol.com.br/colunas/gregorioduvivier/2021/04/choronavirus-paodemia-e-cloroquiners-deveriam-entrar-para-o-dicionario.shtml
2021-05-02 02:50:53,081          root     INFO: Removed https://redir.folha.com.br/redir/online/poder/rss091/*https://www1.folha.uol.com.br/poder/2021/04/aliada-de-bolsonaro-tem-ligacao-com-juiz-que-tentou-tirar-renan-da-relatoria-da-cpi.shtml
2021-05-02 02:50:53,087          root     INFO: Removed https://redir.folha.com.br/redir/online/poder/rss091/*https://www1.folha.uol.com.br/colunas/monicabergamo/2021/04/governo-serio-demitiria-fanfarrao-paulo-guedes-diz-deputado-da-frente-brasil-china.shtml
2021-05-02 02:50:53,093          root     INFO: Removed https://redir.folha.com.br/redir/online/opiniao/rss091/*https://www1.folha.uol.com.br/opiniao/2021/04/antes-tarde.shtml
2021-05-02 02:50:53,101          root     INFO: Removed https://redir.folha.com.br/redir/online/opiniao/rss091/*https://www1.folha.uol.com.br/colunas/vaivem/2021/04/aos-48-anos-embrapa-promete-elevar-produtividade-do-milho.shtml
2021-05-02 02:50:53,108          root     INFO: Removed https://redir.folha.com.br/redir/online/poder/rss091/*https://www1.folha.uol.com.br/colunas/painel/2021/04/bolsonaro-tirou-r-130-milhoes-da-policia-federal-em-corte-no-orcamento.shtml
2021-05-02 02:50:53,117          root     INFO: Removed https://redir.folha.com.br/redir/online/poder/rss091/*https://www1.folha.uol.com.br/poder/2021/04/entenda-os-repasses-a-estados-e-municipios-na-pandemia-e-as-suspeitas-que-estao-no-alvo-da-cpi.shtml
2021-05-02 02:50:53,126          root     INFO: Removed https://redir.folha.com.br/redir/online/poder/rss091/*https://www1.folha.uol.com.br/poder/2021/04/lira-rebate-oposicao-e-diz-que-100-dos-pedidos-de-impeachment-de-bolsonaro-sao-inuteis.shtml
2021-05-02 02:50:53,136          root     INFO: Removed https://redir.folha.com.br/redir/online/poder/rss091/*https://www1.folha.uol.com.br/poder/2021/04/grupo-de-presidenciaveis-busca-joaquim-barbosa-e-danilo-gentili-para-ampliar-esforco-por-3a-via.shtml
2021-05-02 02:50:53,142          root     INFO: Removed https://redir.folha.com.br/redir/online/opiniao/rss091/*https://www1.folha.uol.com.br/opiniao/2021/04/batalha-politica.shtml
2021-05-02 02:50:53,143          root     INFO: Finished script
